<?xml version="1.0" encoding="UTF-8"?>
<!-- Generated by org.testng.reporters.JUnitReportReporter -->
<testsuite hostname="vivobook-asuslaptop-x512flc-x512fl" failures="0" tests="4" name="SanityTesting.Registration_apis" time="2.495" errors="0" timestamp="2024-02-20T14:44:33 IST" skipped="0">
  <testcase classname="SanityTesting.Registration_apis" name="atlasregistration" time="1.354"/>
  <testcase classname="SanityTesting.Registration_apis" name="getthumbnails" time="0.430"/>
  <testcase classname="SanityTesting.Registration_apis" name="getccuser" time="0.176"/>
  <testcase classname="SanityTesting.Registration_apis" name="Brainviewer" time="0.535"/>
</testsuite> <!-- SanityTesting.Registration_apis -->
